<?xml version="1.0" encoding="UTF-8"?>
<beans xmlns="http://www.springframework.org/schema/beans"
       xmlns:xsi="http://www.w3.org/2001/XMLSchema-instance"
       xmlns:sg="http://www.stuartgunter.org/schema/spring"
       xmlns:context="http://www.springframework.org/schema/context"
       xsi:schemaLocation="http://www.springframework.org/schema/beans http://www.springframework.org/schema/beans/spring-beans.xsd
                           http://www.stuartgunter.org/schema/spring http://www.stuartgunter.org/schema/spring/spring.xsd http://www.springframework.org/schema/context http://www.springframework.org/schema/context/spring-context-3.1.xsd">

    <context:property-placeholder location="app.properties"/>

    <sg:builder-factory id="myBean"
                        builder-class="org.stuartgunter.spring.beans.factory.xml.TestStringBuilder">
        <sg:with name="prefix" value="${someKey}"/>
        <sg:with name="body" value=" World"/>
        <sg:with name="suffix" ref="exclamation"/>
        <sg:with name="uppercase" value="true"/>
    </sg:builder-factory>

    <sg:builder-factory id="mySpecialBean"
                        builder-class="org.stuartgunter.spring.beans.factory.xml.TestSpecialStringBuilder"
                        build-method="construct"
                        method-prefix="using">
        <sg:with name="prefix" value="${someKey}"/>
        <sg:with name="body" value=" World"/>
        <sg:with name="suffix" ref="exclamation"/>
    </sg:builder-factory>

    <sg:builder-factory id="stringBuilderBean"
                        builder-class="java.lang.StringBuilder"
                        fluent-style="METHODS"
                        build-method="toString">
        <sg:with name="append" value="${someKey}"/>
        <sg:with name="append" value=" World"/>
        <sg:with name="append" ref="exclamation"/>
    </sg:builder-factory>

    <bean id="exclamation" class="java.lang.String">
        <constructor-arg value="!"/>
    </bean>
</beans>